<?xml version="1.0" encoding="UTF-8"?>
<testng-results ignored="0" total="1" passed="1" failed="0" skipped="0">
  <reporter-output>
  </reporter-output>
  <suite started-at="2022-09-06T23:11:11 BDT" name="Default suite" finished-at="2022-09-06T23:11:29 BDT" duration-ms="18446">
    <groups>
    </groups>
    <test started-at="2022-09-06T23:11:11 BDT" name="Default test" finished-at="2022-09-06T23:11:29 BDT" duration-ms="18446">
      <class name="com.bd.Visibility">
        <test-method is-config="true" signature="start()[pri:0, instance:com.bd.Visibility@1e6a3214]" started-at="2022-09-06T23:11:09 BDT" name="start" finished-at="2022-09-06T23:11:11 BDT" duration-ms="1462" status="PASS">
          <reporter-output>
          </reporter-output>
        </test-method> <!-- start -->
        <test-method signature="moveTo()[pri:0, instance:com.bd.Visibility@1e6a3214]" started-at="2022-09-06T23:11:11 BDT" name="moveTo" finished-at="2022-09-06T23:11:29 BDT" duration-ms="18428" status="PASS">
          <reporter-output>
          </reporter-output>
        </test-method> <!-- moveTo -->
        <test-method is-config="true" signature="close()[pri:0, instance:com.bd.Visibility@1e6a3214]" started-at="2022-09-06T23:11:29 BDT" name="close" finished-at="2022-09-06T23:11:29 BDT" duration-ms="109" status="PASS">
          <reporter-output>
          </reporter-output>
        </test-method> <!-- close -->
      </class> <!-- com.bd.Visibility -->
    </test> <!-- Default test -->
  </suite> <!-- Default suite -->
</testng-results>
